<?xml version="1.0" encoding="UTF-8"?>
<testsuite name="Tests" tests="3" skipped="0" failures="0" errors="0" timestamp="2023-10-23T21:31:26" hostname="CORONA17" time="0.009">
  <properties/>
  <testcase name="testAdditionWithOne" classname="Tests" time="0.006"/>
  <testcase name="testAdditionWithFive" classname="Tests" time="0.001"/>
  <testcase name="testAdditionWithNull" classname="Tests" time="0.002"/>
  <system-out><![CDATA[]]></system-out>
  <system-err><![CDATA[]]></system-err>
</testsuite>
