<?xml version="1.0" encoding="UTF-8"?>
<testsuite name="Tests" tests="1" skipped="0" failures="0" errors="0" timestamp="2024-02-25T20:11:57" hostname="DESKTOP-FI62M8B" time="0.005">
  <properties/>
  <testcase name="testAbrechnung" classname="Tests" time="0.005"/>
  <system-out><![CDATA[]]></system-out>
  <system-err><![CDATA[]]></system-err>
</testsuite>
