<?xml version="1.0" encoding="UTF-8"?>
<testsuite name="Tests" tests="3" skipped="0" failures="0" errors="0" timestamp="2024-02-18T12:50:02" hostname="DESKTOP-FI62M8B" time="0.002">
  <properties/>
  <testcase name="testGetTitel" classname="Tests" time="0.001"/>
  <testcase name="testSetKostenlos" classname="Tests" time="0.0"/>
  <testcase name="testAddTeilnehmer" classname="Tests" time="0.001"/>
  <system-out><![CDATA[]]></system-out>
  <system-err><![CDATA[]]></system-err>
</testsuite>
