<?xml version="1.0" encoding="UTF-8"?>
<testsuite name="Tests" tests="3" skipped="0" failures="0" errors="0" timestamp="2023-10-22T11:53:09" hostname="DESKTOP-0ERH70K" time="0.013">
  <properties/>
  <testcase name="testArtikel" classname="Tests" time="0.002"/>
  <testcase name="testAuftrag" classname="Tests" time="0.01"/>
  <testcase name="testGesamtwert" classname="Tests" time="0.0"/>
  <system-out><![CDATA[]]></system-out>
  <system-err><![CDATA[]]></system-err>
</testsuite>
