<?xml version="1.0" encoding="UTF-8"?>
<testsuite name="Tests" tests="2" skipped="0" failures="0" errors="0" timestamp="2023-10-22T12:00:33" hostname="DESKTOP-0ERH70K" time="0.004">
  <properties/>
  <testcase name="testCharacterNotFound" classname="Tests" time="0.003"/>
  <testcase name="testPrintOccurrences" classname="Tests" time="0.0"/>
  <system-out><![CDATA[]]></system-out>
  <system-err><![CDATA[]]></system-err>
</testsuite>
