<?xml version="1.0" encoding="UTF-8"?>
<testsuite name="Tests" tests="3" skipped="0" failures="0" errors="0" timestamp="2023-10-22T11:50:57" hostname="DESKTOP-0ERH70K" time="0.006">
  <properties/>
  <testcase name="testApfel" classname="Tests" time="0.003"/>
  <testcase name="testBirne" classname="Tests" time="0.001"/>
  <testcase name="testOrange" classname="Tests" time="0.002"/>
  <system-out><![CDATA[]]></system-out>
  <system-err><![CDATA[]]></system-err>
</testsuite>
