<?xml version="1.0" encoding="UTF-8"?>
<testsuite name="Tests" tests="8" skipped="0" failures="0" errors="0" timestamp="2023-10-22T11:13:39" hostname="DESKTOP-0ERH70K" time="0.005">
  <properties/>
  <testcase name="testEinZahlen" classname="Tests" time="0.001"/>
  <testcase name="testAbHeben" classname="Tests" time="0.001"/>
  <testcase name="testVerzinse" classname="Tests" time="0.0"/>
  <testcase name="testNegativesAbheben" classname="Tests" time="0.0"/>
  <testcase name="testMehrAbhebenAlsGuthaben" classname="Tests" time="0.001"/>
  <testcase name="testZinssatz" classname="Tests" time="0.0"/>
  <testcase name="testNegativeEinzahlung" classname="Tests" time="0.0"/>
  <testcase name="testKontonummer" classname="Tests" time="0.0"/>
  <system-out><![CDATA[]]></system-out>
  <system-err><![CDATA[]]></system-err>
</testsuite>
