<?xml version="1.0" encoding="UTF-8"?>
<testsuite name="Tests" tests="8" skipped="0" failures="0" errors="0" timestamp="2023-12-22T09:17:54" hostname="CORONA17" time="0.003">
  <properties/>
  <testcase name="testEinZahlen" classname="Tests" time="0.001"/>
  <testcase name="testAbHeben" classname="Tests" time="0.0"/>
  <testcase name="testVerzinse" classname="Tests" time="0.001"/>
  <testcase name="testNegativesAbheben" classname="Tests" time="0.0"/>
  <testcase name="testMehrAbhebenAlsGuthaben" classname="Tests" time="0.0"/>
  <testcase name="testZinssatz" classname="Tests" time="0.001"/>
  <testcase name="testNegativeEinzahlung" classname="Tests" time="0.0"/>
  <testcase name="testKontonummer" classname="Tests" time="0.0"/>
  <system-out><![CDATA[]]></system-out>
  <system-err><![CDATA[]]></system-err>
</testsuite>
