<?xml version="1.0" encoding="UTF-8"?>
<testsuite name="Tests" tests="1" skipped="0" failures="0" errors="0" timestamp="2023-10-23T21:43:04" hostname="CORONA17" time="0.007">
  <properties/>
  <testcase name="testMultiTableWithThree" classname="Tests" time="0.007"/>
  <system-out><![CDATA[]]></system-out>
  <system-err><![CDATA[]]></system-err>
</testsuite>
