<?xml version="1.0" encoding="UTF-8"?>
<testsuite name="Tests" tests="3" skipped="0" failures="0" errors="0" timestamp="2023-12-22T19:38:53" hostname="CORONA17" time="0.003">
  <properties/>
  <testcase name="testCharacterNotFound" classname="Tests" time="0.002"/>
  <testcase name="testCharacterFound1" classname="Tests" time="0.0"/>
  <testcase name="testCharacterFound2" classname="Tests" time="0.0"/>
  <system-out><![CDATA[]]></system-out>
  <system-err><![CDATA[]]></system-err>
</testsuite>
