<?xml version="1.0" encoding="UTF-8"?>
<<<<<<< HEAD
<testsuite name="Tests" tests="2" skipped="0" failures="0" errors="0" timestamp="2023-12-21T13:11:58" hostname="CORONA17" time="0.002">
  <properties/>
  <testcase name="testDatatypes" classname="Tests" time="0.002"/>
=======
<testsuite name="Tests" tests="2" skipped="0" failures="0" errors="0" timestamp="2024-07-21T12:32:00" hostname="MBP-von-Raymond.fritz.box" time="0.001">
  <properties/>
  <testcase name="testDatatypes" classname="Tests" time="0.001"/>
>>>>>>> ce0921f (Verbindung zu Grading-Server hergestellt)
  <testcase name="testInitialization" classname="Tests" time="0.0"/>
  <system-out><![CDATA[]]></system-out>
  <system-err><![CDATA[]]></system-err>
</testsuite>
