<?xml version="1.0" encoding="UTF-8"?>
<testsuite name="Tests" tests="2" skipped="0" failures="0" errors="0" timestamp="2023-12-21T13:11:58" hostname="CORONA17" time="0.002">
  <properties/>
  <testcase name="testDatatypes" classname="Tests" time="0.002"/>
  <testcase name="testInitialization" classname="Tests" time="0.0"/>
  <system-out><![CDATA[]]></system-out>
  <system-err><![CDATA[]]></system-err>
</testsuite>
