<?xml version="1.0" encoding="UTF-8"?>
<testsuite name="Tests" tests="3" skipped="0" failures="0" errors="0" timestamp="2023-12-22T16:17:32" hostname="CORONA17" time="0.004">
  <properties/>
  <testcase name="testBeschleunigen" classname="Tests" time="0.003"/>
  <testcase name="testGeschwindigkeit" classname="Tests" time="0.001"/>
  <testcase name="testFahren" classname="Tests" time="0.0"/>
  <system-out><![CDATA[]]></system-out>
  <system-err><![CDATA[]]></system-err>
</testsuite>
