<?xml version="1.0" encoding="UTF-8"?>
<testsuite name="Tests" tests="5" skipped="0" failures="0" errors="0" timestamp="2023-12-22T16:24:00" hostname="CORONA17" time="0.003">
  <properties/>
  <testcase name="testEmptyStack" classname="Tests" time="0.001"/>
  <testcase name="testPeek" classname="Tests" time="0.0"/>
  <testcase name="testPopFromEmptyStack" classname="Tests" time="0.0"/>
  <testcase name="testPeekFromEmptyStack" classname="Tests" time="0.001"/>
  <testcase name="testPushAndPop" classname="Tests" time="0.0"/>
  <system-out><![CDATA[]]></system-out>
  <system-err><![CDATA[]]></system-err>
</testsuite>
