<?xml version="1.0" encoding="UTF-8"?>
<testsuite name="Tests" tests="5" skipped="0" failures="0" errors="0" timestamp="2023-10-08T15:25:55" hostname="CORONA17" time="0.004">
  <properties/>
  <testcase name="testEmptyStack" classname="Tests" time="0.002"/>
  <testcase name="testPeek" classname="Tests" time="0.001"/>
  <testcase name="testPopFromEmptyStack" classname="Tests" time="0.0"/>
  <testcase name="testPeekFromEmptyStack" classname="Tests" time="0.0"/>
  <testcase name="testPushAndPop" classname="Tests" time="0.0"/>
  <system-out><![CDATA[]]></system-out>
  <system-err><![CDATA[]]></system-err>
</testsuite>
