<?xml version="1.0" encoding="UTF-8"?>
<testsuite name="Tests" tests="1" skipped="0" failures="0" errors="0" timestamp="2023-10-22T12:05:48" hostname="DESKTOP-0ERH70K" time="0.003">
  <properties/>
  <testcase name="testPrintSubstrings" classname="Tests" time="0.003"/>
  <system-out><![CDATA[]]></system-out>
  <system-err><![CDATA[]]></system-err>
</testsuite>
