<?xml version="1.0" encoding="UTF-8"?>
<testsuite name="Tests" tests="3" skipped="0" failures="0" errors="0" timestamp="2023-12-22T10:36:44" hostname="CORONA17" time="0.005">
  <properties/>
  <testcase name="testApfel" classname="Tests" time="0.003"/>
  <testcase name="testBirne" classname="Tests" time="0.001"/>
  <testcase name="testOrange" classname="Tests" time="0.001"/>
  <system-out><![CDATA[]]></system-out>
  <system-err><![CDATA[]]></system-err>
</testsuite>
