<?xml version="1.0" encoding="UTF-8"?>
<testsuite name="Tests" tests="2" skipped="0" failures="0" errors="0" timestamp="2023-10-08T17:04:10" hostname="CORONA17" time="0.003">
  <properties/>
  <testcase name="testFirstComparator" classname="Tests" time="0.003"/>
  <testcase name="testSecComparator" classname="Tests" time="0.0"/>
  <system-out><![CDATA[]]></system-out>
  <system-err><![CDATA[]]></system-err>
</testsuite>
