<?xml version="1.0" encoding="UTF-8"?>
<testsuite name="Tests" tests="3" skipped="0" failures="0" errors="0" timestamp="2023-10-23T21:36:35" hostname="CORONA17" time="0.011">
  <properties/>
  <testcase name="testProductWithNull" classname="Tests" time="0.007"/>
  <testcase name="testProductWithOne" classname="Tests" time="0.002"/>
  <testcase name="testAdditionWithFive" classname="Tests" time="0.002"/>
  <system-out><![CDATA[]]></system-out>
  <system-err><![CDATA[]]></system-err>
</testsuite>
