<?xml version="1.0" encoding="UTF-8"?>
<testsuite name="Tests" tests="1" skipped="0" failures="0" errors="0" timestamp="2023-12-22T19:07:06" hostname="CORONA17" time="0.062">
  <properties/>
  <testcase name="testFileWritingTimes" classname="Tests" time="0.062"/>
  <system-out><![CDATA[Unbuffered: 12
Buffered: 8
]]></system-out>
  <system-err><![CDATA[]]></system-err>
</testsuite>
