<?xml version="1.0" encoding="UTF-8"?>
<testsuite name="Tests" tests="5" skipped="0" failures="0" errors="0" timestamp="2023-10-22T11:48:42" hostname="DESKTOP-0ERH70K" time="0.008">
  <properties/>
  <testcase name="testApfel" classname="Tests" time="0.002"/>
  <testcase name="testBirne" classname="Tests" time="0.0"/>
  <testcase name="testObstlager" classname="Tests" time="0.002"/>
  <testcase name="testPrintFunction" classname="Tests" time="0.001"/>
  <testcase name="testOrange" classname="Tests" time="0.0"/>
  <system-out><![CDATA[]]></system-out>
  <system-err><![CDATA[]]></system-err>
</testsuite>
