<?xml version="1.0" encoding="UTF-8"?>
<testsuite name="Tests" tests="6" skipped="0" failures="0" errors="0" timestamp="2024-02-18T12:54:53" hostname="DESKTOP-FI62M8B" time="0.003">
  <properties/>
  <testcase name="testToStringPattern" classname="Tests" time="0.003"/>
  <testcase name="testAddTo" classname="Tests" time="0.0"/>
  <testcase name="testInit" classname="Tests" time="0.0"/>
  <testcase name="testToString" classname="Tests" time="0.0"/>
  <testcase name="testKuerzen" classname="Tests" time="0.0"/>
  <testcase name="testMultTo" classname="Tests" time="0.0"/>
  <system-out><![CDATA[]]></system-out>
  <system-err><![CDATA[]]></system-err>
</testsuite>
