<?xml version="1.0" encoding="UTF-8"?>
<testsuite name="Tests" tests="3" skipped="0" failures="0" errors="0" timestamp="2023-10-22T16:38:46" hostname="CORONA17" time="0.003">
  <properties/>
  <testcase name="testSolutionWithOne" classname="Tests" time="0.002"/>
  <testcase name="testSolutionWithFive" classname="Tests" time="0.001"/>
  <testcase name="testSolutionWithNegativ" classname="Tests" time="0.0"/>
  <system-out><![CDATA[]]></system-out>
  <system-err><![CDATA[]]></system-err>
</testsuite>
