<?xml version="1.0" encoding="UTF-8"?>
<testsuite name="Tests" tests="3" skipped="0" failures="0" errors="0" timestamp="2023-10-23T21:48:44" hostname="CORONA17" time="0.01">
  <properties/>
  <testcase name="testSolutionWithOne" classname="Tests" time="0.008"/>
  <testcase name="testSolutionWithFive" classname="Tests" time="0.001"/>
  <testcase name="testSolutionWithNegativ" classname="Tests" time="0.001"/>
  <system-out><![CDATA[]]></system-out>
  <system-err><![CDATA[]]></system-err>
</testsuite>
