<?xml version="1.0" encoding="UTF-8"?>
<testsuite name="Tests" tests="2" skipped="0" failures="0" errors="0" timestamp="2024-02-26T14:12:42" hostname="CORONA17" time="0.003">
  <properties/>
  <testcase name="testSolution" classname="Tests" time="0.003"/>
  <testcase name="testSolution1" classname="Tests" time="0.0"/>
  <system-out><![CDATA[]]></system-out>
  <system-err><![CDATA[]]></system-err>
</testsuite>
