<?xml version="1.0" encoding="UTF-8"?>
<testsuite name="Tests" tests="5" skipped="0" failures="0" errors="0" timestamp="2023-12-22T10:36:32" hostname="CORONA17" time="0.006">
  <properties/>
  <testcase name="testApfel" classname="Tests" time="0.002"/>
  <testcase name="testBirne" classname="Tests" time="0.001"/>
  <testcase name="testObstlager" classname="Tests" time="0.001"/>
  <testcase name="testPrintFunction" classname="Tests" time="0.001"/>
  <testcase name="testOrange" classname="Tests" time="0.0"/>
  <system-out><![CDATA[]]></system-out>
  <system-err><![CDATA[]]></system-err>
</testsuite>
