<?xml version="1.0" encoding="UTF-8"?>
<testsuite name="Tests" tests="3" skipped="0" failures="0" errors="0" timestamp="2024-02-26T14:11:37" hostname="CORONA17" time="0.015">
  <properties/>
  <testcase name="testSolution" classname="Tests" time="0.011"/>
  <testcase name="testSolution1" classname="Tests" time="0.002"/>
  <testcase name="testSolution2" classname="Tests" time="0.002"/>
  <system-out><![CDATA[]]></system-out>
  <system-err><![CDATA[]]></system-err>
</testsuite>
