<?xml version="1.0" encoding="UTF-8"?>
<testsuite name="Tests" tests="1" skipped="0" failures="0" errors="0" timestamp="2024-02-17T15:41:54" hostname="DESKTOP-FI62M8B" time="0.001">
  <properties/>
  <testcase name="testSolution" classname="Tests" time="0.001"/>
  <system-out><![CDATA[]]></system-out>
  <system-err><![CDATA[]]></system-err>
</testsuite>
