<?xml version="1.0" encoding="UTF-8"?>
<testsuite name="Tests" tests="3" skipped="0" failures="0" errors="0" timestamp="2024-02-18T13:17:54" hostname="DESKTOP-FI62M8B" time="0.004">
  <properties/>
  <testcase name="testHierarchy" classname="Tests" time="0.004"/>
  <testcase name="testSunflowerGrowing" classname="Tests" time="0.0"/>
  <testcase name="testGoldenRetrieverEating" classname="Tests" time="0.0"/>
  <system-out><![CDATA[]]></system-out>
  <system-err><![CDATA[]]></system-err>
</testsuite>
