<?xml version="1.0" encoding="UTF-8"?>
<testsuite name="Tests" tests="3" skipped="0" failures="0" errors="0" timestamp="2023-12-21T13:46:51" hostname="CORONA17" time="0.002">
  <properties/>
  <testcase name="testProductWithNull" classname="Tests" time="0.002"/>
  <testcase name="testProductWithOne" classname="Tests" time="0.0"/>
  <testcase name="testAdditionWithFive" classname="Tests" time="0.0"/>
  <system-out><![CDATA[]]></system-out>
  <system-err><![CDATA[]]></system-err>
</testsuite>
